2025-08-12 16:03:46.732 WARN  [main] org.hibernate.orm.deprecation - HHH90000025: OracleDialect does not need to be specified explicitly using 'hibernate.dialect' (remove the property setting and it will be selected by default)
2025-08-12 16:03:48.225 WARN  [main] o.s.b.a.o.j.JpaBaseConfiguration$JpaWebConfiguration - spring.jpa.open-in-view is enabled by default. Therefore, database queries may be performed during view rendering. Explicitly configure spring.jpa.open-in-view to disable this warning
2025-08-12 16:25:14.691 WARN  [main] org.hibernate.orm.deprecation - HHH90000025: OracleDialect does not need to be specified explicitly using 'hibernate.dialect' (remove the property setting and it will be selected by default)
2025-08-12 16:25:16.022 WARN  [main] o.s.b.a.o.j.JpaBaseConfiguration$JpaWebConfiguration - spring.jpa.open-in-view is enabled by default. Therefore, database queries may be performed during view rendering. Explicitly configure spring.jpa.open-in-view to disable this warning
2025-08-12 16:26:08.776 WARN  [http-nio-8080-exec-8] t.a.m.security.JwtRequestFilter - JWT Token does not begin with Bearer String
2025-08-12 16:26:08.776 WARN  [http-nio-8080-exec-6] t.a.m.security.JwtRequestFilter - JWT Token does not begin with Bearer String
2025-08-12 16:26:08.776 WARN  [http-nio-8080-exec-10] t.a.m.security.JwtRequestFilter - JWT Token does not begin with Bearer String
2025-08-12 16:26:08.776 WARN  [http-nio-8080-exec-3] t.a.m.security.JwtRequestFilter - JWT Token does not begin with Bearer String
2025-08-12 16:26:08.776 WARN  [http-nio-8080-exec-4] t.a.m.security.JwtRequestFilter - JWT Token does not begin with Bearer String
2025-08-12 16:26:08.776 WARN  [http-nio-8080-exec-1] t.a.m.security.JwtRequestFilter - JWT Token does not begin with Bearer String
2025-08-12 16:26:08.803 WARN  [http-nio-8080-exec-7] t.a.m.security.JwtRequestFilter - JWT Token does not begin with Bearer String
2025-08-12 16:26:08.803 WARN  [http-nio-8080-exec-9] t.a.m.security.JwtRequestFilter - JWT Token does not begin with Bearer String
2025-08-12 16:26:17.899 WARN  [http-nio-8080-exec-1] t.a.m.security.JwtRequestFilter - JWT Token does not begin with Bearer String
2025-08-12 16:26:17.899 WARN  [http-nio-8080-exec-8] t.a.m.security.JwtRequestFilter - JWT Token does not begin with Bearer String
2025-08-12 22:36:57.428 WARN  [HikariPool-1:housekeeper] com.zaxxer.hikari.pool.PoolBase - HikariPool-1 - Failed to validate connection oracle.jdbc.driver.T4CConnection@ba2cef4 (ORA-17008: Closed connection
https://docs.oracle.com/error-help/db/ora-17008/). Possibly consider using a shorter maxLifetime value.
2025-08-12 22:36:57.487 WARN  [HikariPool-1:housekeeper] com.zaxxer.hikari.pool.PoolBase - HikariPool-1 - Failed to validate connection oracle.jdbc.driver.T4CConnection@244d7459 (ORA-17008: Closed connection
https://docs.oracle.com/error-help/db/ora-17008/). Possibly consider using a shorter maxLifetime value.
2025-08-12 22:36:57.487 WARN  [HikariPool-1:housekeeper] com.zaxxer.hikari.pool.HikariPool - HikariPool-1 - Thread starvation or clock leap detected (housekeeper delta=5h32m7s703ms820µs200ns).
2025-08-12 22:36:57.487 WARN  [HikariPool-1:housekeeper] com.zaxxer.hikari.pool.PoolBase - HikariPool-1 - Failed to validate connection oracle.jdbc.driver.T4CConnection@3edbf544 (ORA-17008: Closed connection
https://docs.oracle.com/error-help/db/ora-17008/). Possibly consider using a shorter maxLifetime value.
2025-08-12 22:36:57.521 WARN  [HikariPool-1:housekeeper] com.zaxxer.hikari.pool.PoolBase - HikariPool-1 - Failed to validate connection oracle.jdbc.driver.T4CConnection@6ea4721f (ORA-17008: Closed connection
https://docs.oracle.com/error-help/db/ora-17008/). Possibly consider using a shorter maxLifetime value.
2025-08-12 22:36:57.522 WARN  [HikariPool-1:housekeeper] com.zaxxer.hikari.pool.PoolBase - HikariPool-1 - Failed to validate connection oracle.jdbc.driver.T4CConnection@7aa643c (ORA-17008: Closed connection
https://docs.oracle.com/error-help/db/ora-17008/). Possibly consider using a shorter maxLifetime value.
2025-08-12 22:37:46.011 WARN  [http-nio-8080-exec-7] t.a.m.security.JwtRequestFilter - JWT Token does not begin with Bearer String
2025-08-12 22:37:46.013 WARN  [http-nio-8080-exec-3] t.a.m.security.JwtRequestFilter - JWT Token does not begin with Bearer String
2025-08-12 22:37:46.130 WARN  [http-nio-8080-exec-4] t.a.m.security.JwtRequestFilter - JWT Token does not begin with Bearer String
2025-08-12 22:37:49.182 WARN  [http-nio-8080-exec-9] t.a.m.security.JwtRequestFilter - JWT Token does not begin with Bearer String
2025-08-12 22:37:49.182 WARN  [http-nio-8080-exec-7] t.a.m.security.JwtRequestFilter - JWT Token does not begin with Bearer String
2025-08-12 22:37:49.184 WARN  [http-nio-8080-exec-3] t.a.m.security.JwtRequestFilter - JWT Token does not begin with Bearer String
2025-08-12 22:37:49.184 WARN  [http-nio-8080-exec-2] t.a.m.security.JwtRequestFilter - JWT Token does not begin with Bearer String
2025-08-12 23:21:26.853 WARN  [http-nio-8080-exec-2] t.a.m.security.JwtRequestFilter - JWT Token does not begin with Bearer String
2025-08-12 23:21:45.494 WARN  [http-nio-8080-exec-7] t.a.m.security.JwtRequestFilter - JWT Token does not begin with Bearer String
2025-08-12 23:22:15.905 WARN  [http-nio-8080-exec-10] t.a.m.security.JwtRequestFilter - JWT Token does not begin with Bearer String
2025-08-12 23:22:19.213 WARN  [http-nio-8080-exec-3] t.a.m.security.JwtRequestFilter - JWT Token does not begin with Bearer String
2025-08-12 23:50:00.625 WARN  [http-nio-8080-exec-5] t.a.m.security.JwtRequestFilter - JWT Token does not begin with Bearer String
2025-08-12 23:50:00.629 WARN  [http-nio-8080-exec-6] t.a.m.security.JwtRequestFilter - JWT Token does not begin with Bearer String
2025-08-12 23:50:07.080 WARN  [http-nio-8080-exec-1] t.a.m.security.JwtRequestFilter - JWT Token does not begin with Bearer String
