2025-08-07 10:20:58.431 WARN  [main] o.h.e.jdbc.spi.SqlExceptionHelper - SQL Error: 12541, SQLState: 66000
2025-08-07 10:20:58.433 WARN  [main] o.h.e.j.e.i.JdbcEnvironmentInitiator - HHH000342: Could not obtain connection to query metadata
org.hibernate.exception.GenericJDBCException: unable to obtain isolated JDBC connection [ORA-12541: Cannot connect. No listener at host 192.168.98.146 port 1521. (CONNECTION_ID=J5vtCi7fQa6fK5PNDwfxbA==)
https://docs.oracle.com/error-help/db/ora-12541/] [n/a]
	at org.hibernate.exception.internal.StandardSQLExceptionConverter.convert(StandardSQLExceptionConverter.java:63)
	at org.hibernate.engine.jdbc.spi.SqlExceptionHelper.convert(SqlExceptionHelper.java:108)
	at org.hibernate.engine.jdbc.spi.SqlExceptionHelper.convert(SqlExceptionHelper.java:94)
	at org.hibernate.resource.transaction.backend.jdbc.internal.JdbcIsolationDelegate.delegateWork(JdbcIsolationDelegate.java:116)
	at org.hibernate.engine.jdbc.env.internal.JdbcEnvironmentInitiator.getJdbcEnvironmentUsingJdbcMetadata(JdbcEnvironmentInitiator.java:336)
	at org.hibernate.engine.jdbc.env.internal.JdbcEnvironmentInitiator.initiateService(JdbcEnvironmentInitiator.java:129)
	at org.hibernate.engine.jdbc.env.internal.JdbcEnvironmentInitiator.initiateService(JdbcEnvironmentInitiator.java:81)
	at org.hibernate.boot.registry.internal.StandardServiceRegistryImpl.initiateService(StandardServiceRegistryImpl.java:130)
	at org.hibernate.service.internal.AbstractServiceRegistryImpl.createService(AbstractServiceRegistryImpl.java:263)
	at org.hibernate.service.internal.AbstractServiceRegistryImpl.initializeService(AbstractServiceRegistryImpl.java:238)
	at org.hibernate.service.internal.AbstractServiceRegistryImpl.getService(AbstractServiceRegistryImpl.java:215)
	at org.hibernate.boot.model.relational.Database.<init>(Database.java:45)
	at org.hibernate.boot.internal.InFlightMetadataCollectorImpl.getDatabase(InFlightMetadataCollectorImpl.java:226)
	at org.hibernate.boot.internal.InFlightMetadataCollectorImpl.<init>(InFlightMetadataCollectorImpl.java:194)
	at org.hibernate.boot.model.process.spi.MetadataBuildingProcess.complete(MetadataBuildingProcess.java:171)
	at org.hibernate.jpa.boot.internal.EntityManagerFactoryBuilderImpl.metadata(EntityManagerFactoryBuilderImpl.java:1442)
	at org.hibernate.jpa.boot.internal.EntityManagerFactoryBuilderImpl.build(EntityManagerFactoryBuilderImpl.java:1513)
	at org.springframework.orm.jpa.vendor.SpringHibernateJpaPersistenceProvider.createContainerEntityManagerFactory(SpringHibernateJpaPersistenceProvider.java:66)
	at org.springframework.orm.jpa.LocalContainerEntityManagerFactoryBean.createNativeEntityManagerFactory(LocalContainerEntityManagerFactoryBean.java:390)
	at org.springframework.orm.jpa.AbstractEntityManagerFactoryBean.buildNativeEntityManagerFactory(AbstractEntityManagerFactoryBean.java:419)
	at org.springframework.orm.jpa.AbstractEntityManagerFactoryBean.afterPropertiesSet(AbstractEntityManagerFactoryBean.java:400)
	at org.springframework.orm.jpa.LocalContainerEntityManagerFactoryBean.afterPropertiesSet(LocalContainerEntityManagerFactoryBean.java:366)
	at org.springframework.beans.factory.support.AbstractAutowireCapableBeanFactory.invokeInitMethods(AbstractAutowireCapableBeanFactory.java:1873)
	at org.springframework.beans.factory.support.AbstractAutowireCapableBeanFactory.initializeBean(AbstractAutowireCapableBeanFactory.java:1822)
	at org.springframework.beans.factory.support.AbstractAutowireCapableBeanFactory.doCreateBean(AbstractAutowireCapableBeanFactory.java:607)
	at org.springframework.beans.factory.support.AbstractAutowireCapableBeanFactory.createBean(AbstractAutowireCapableBeanFactory.java:529)
	at org.springframework.beans.factory.support.AbstractBeanFactory.lambda$doGetBean$0(AbstractBeanFactory.java:339)
	at org.springframework.beans.factory.support.DefaultSingletonBeanRegistry.getSingleton(DefaultSingletonBeanRegistry.java:373)
	at org.springframework.beans.factory.support.AbstractBeanFactory.doGetBean(AbstractBeanFactory.java:337)
	at org.springframework.beans.factory.support.AbstractBeanFactory.getBean(AbstractBeanFactory.java:227)
	at org.springframework.beans.factory.support.DefaultListableBeanFactory.resolveNamedBean(DefaultListableBeanFactory.java:1598)
	at org.springframework.beans.factory.support.DefaultListableBeanFactory.resolveNamedBean(DefaultListableBeanFactory.java:1556)
	at org.springframework.beans.factory.support.DefaultListableBeanFactory.resolveNamedBean(DefaultListableBeanFactory.java:1524)
	at org.springframework.orm.jpa.support.PersistenceAnnotationBeanPostProcessor.findDefaultEntityManagerFactory(PersistenceAnnotationBeanPostProcessor.java:594)
	at org.springframework.orm.jpa.support.PersistenceAnnotationBeanPostProcessor.findEntityManagerFactory(PersistenceAnnotationBeanPostProcessor.java:558)
	at org.springframework.orm.jpa.support.PersistenceAnnotationBeanPostProcessor$PersistenceElement.resolveEntityManager(PersistenceAnnotationBeanPostProcessor.java:725)
	at org.springframework.orm.jpa.support.PersistenceAnnotationBeanPostProcessor$PersistenceElement.getResourceToInject(PersistenceAnnotationBeanPostProcessor.java:698)
	at org.springframework.beans.factory.annotation.InjectionMetadata$InjectedElement.inject(InjectionMetadata.java:272)
	at org.springframework.beans.factory.annotation.InjectionMetadata.inject(InjectionMetadata.java:146)
	at org.springframework.orm.jpa.support.PersistenceAnnotationBeanPostProcessor.postProcessProperties(PersistenceAnnotationBeanPostProcessor.java:386)
	at org.springframework.beans.factory.support.AbstractAutowireCapableBeanFactory.populateBean(AbstractAutowireCapableBeanFactory.java:1459)
	at org.springframework.beans.factory.support.AbstractAutowireCapableBeanFactory.doCreateBean(AbstractAutowireCapableBeanFactory.java:606)
	at org.springframework.beans.factory.support.AbstractAutowireCapableBeanFactory.createBean(AbstractAutowireCapableBeanFactory.java:529)
	at org.springframework.beans.factory.support.AbstractBeanFactory.lambda$doGetBean$0(AbstractBeanFactory.java:339)
	at org.springframework.beans.factory.support.DefaultSingletonBeanRegistry.getSingleton(DefaultSingletonBeanRegistry.java:373)
	at org.springframework.beans.factory.support.AbstractBeanFactory.doGetBean(AbstractBeanFactory.java:337)
	at org.springframework.beans.factory.support.AbstractBeanFactory.getBean(AbstractBeanFactory.java:202)
	at org.springframework.beans.factory.support.DefaultListableBeanFactory.doResolveDependency(DefaultListableBeanFactory.java:1683)
	at org.springframework.beans.factory.support.DefaultListableBeanFactory.resolveDependency(DefaultListableBeanFactory.java:1628)
	at org.springframework.beans.factory.support.ConstructorResolver.resolveAutowiredArgument(ConstructorResolver.java:913)
	at org.springframework.beans.factory.support.ConstructorResolver.createArgumentArray(ConstructorResolver.java:791)
	at org.springframework.beans.factory.support.ConstructorResolver.autowireConstructor(ConstructorResolver.java:240)
	at org.springframework.beans.factory.support.AbstractAutowireCapableBeanFactory.autowireConstructor(AbstractAutowireCapableBeanFactory.java:1395)
	at org.springframework.beans.factory.support.AbstractAutowireCapableBeanFactory.createBeanInstance(AbstractAutowireCapableBeanFactory.java:1232)
	at org.springframework.beans.factory.support.AbstractAutowireCapableBeanFactory.doCreateBean(AbstractAutowireCapableBeanFactory.java:569)
	at org.springframework.beans.factory.support.AbstractAutowireCapableBeanFactory.createBean(AbstractAutowireCapableBeanFactory.java:529)
	at org.springframework.beans.factory.support.AbstractBeanFactory.lambda$doGetBean$0(AbstractBeanFactory.java:339)
	at org.springframework.beans.factory.support.DefaultSingletonBeanRegistry.getSingleton(DefaultSingletonBeanRegistry.java:373)
	at org.springframework.beans.factory.support.AbstractBeanFactory.doGetBean(AbstractBeanFactory.java:337)
	at org.springframework.beans.factory.support.AbstractBeanFactory.getBean(AbstractBeanFactory.java:202)
	at org.springframework.beans.factory.support.DefaultListableBeanFactory.doResolveDependency(DefaultListableBeanFactory.java:1683)
	at org.springframework.beans.factory.support.DefaultListableBeanFactory.resolveDependency(DefaultListableBeanFactory.java:1628)
	at org.springframework.beans.factory.support.ConstructorResolver.resolveAutowiredArgument(ConstructorResolver.java:913)
	at org.springframework.beans.factory.support.ConstructorResolver.createArgumentArray(ConstructorResolver.java:791)
	at org.springframework.beans.factory.support.ConstructorResolver.autowireConstructor(ConstructorResolver.java:240)
	at org.springframework.beans.factory.support.AbstractAutowireCapableBeanFactory.autowireConstructor(AbstractAutowireCapableBeanFactory.java:1395)
	at org.springframework.beans.factory.support.AbstractAutowireCapableBeanFactory.createBeanInstance(AbstractAutowireCapableBeanFactory.java:1232)
	at org.springframework.beans.factory.support.AbstractAutowireCapableBeanFactory.doCreateBean(AbstractAutowireCapableBeanFactory.java:569)
	at org.springframework.beans.factory.support.AbstractAutowireCapableBeanFactory.createBean(AbstractAutowireCapableBeanFactory.java:529)
	at org.springframework.beans.factory.support.AbstractBeanFactory.lambda$doGetBean$0(AbstractBeanFactory.java:339)
	at org.springframework.beans.factory.support.DefaultSingletonBeanRegistry.getSingleton(DefaultSingletonBeanRegistry.java:373)
	at org.springframework.beans.factory.support.AbstractBeanFactory.doGetBean(AbstractBeanFactory.java:337)
	at org.springframework.beans.factory.support.AbstractBeanFactory.getBean(AbstractBeanFactory.java:207)
	at org.springframework.boot.web.servlet.ServletContextInitializerBeans.getOrderedBeansOfType(ServletContextInitializerBeans.java:230)
	at org.springframework.boot.web.servlet.ServletContextInitializerBeans.addAsRegistrationBean(ServletContextInitializerBeans.java:184)
	at org.springframework.boot.web.servlet.ServletContextInitializerBeans.addAsRegistrationBean(ServletContextInitializerBeans.java:179)
	at org.springframework.boot.web.servlet.ServletContextInitializerBeans.addAdaptableBeans(ServletContextInitializerBeans.java:164)
	at org.springframework.boot.web.servlet.ServletContextInitializerBeans.<init>(ServletContextInitializerBeans.java:96)
	at org.springframework.boot.web.servlet.context.ServletWebServerApplicationContext.getServletContextInitializerBeans(ServletWebServerApplicationContext.java:271)
	at org.springframework.boot.web.servlet.context.ServletWebServerApplicationContext.selfInitialize(ServletWebServerApplicationContext.java:245)
	at org.springframework.boot.web.embedded.tomcat.TomcatStarter.onStartup(TomcatStarter.java:52)
	at org.apache.catalina.core.StandardContext.startInternal(StandardContext.java:4464)
	at org.apache.catalina.util.LifecycleBase.start(LifecycleBase.java:164)
	at org.apache.catalina.core.ContainerBase$StartChild.call(ContainerBase.java:1203)
	at org.apache.catalina.core.ContainerBase$StartChild.call(ContainerBase.java:1193)
	at java.base/java.util.concurrent.FutureTask.run(FutureTask.java:264)
	at org.apache.tomcat.util.threads.InlineExecutorService.execute(InlineExecutorService.java:75)
	at java.base/java.util.concurrent.AbstractExecutorService.submit(AbstractExecutorService.java:145)
	at org.apache.catalina.core.ContainerBase.startInternal(ContainerBase.java:749)
	at org.apache.catalina.core.StandardHost.startInternal(StandardHost.java:772)
	at org.apache.catalina.util.LifecycleBase.start(LifecycleBase.java:164)
	at org.apache.catalina.core.ContainerBase$StartChild.call(ContainerBase.java:1203)
	at org.apache.catalina.core.ContainerBase$StartChild.call(ContainerBase.java:1193)
	at java.base/java.util.concurrent.FutureTask.run(FutureTask.java:264)
	at org.apache.tomcat.util.threads.InlineExecutorService.execute(InlineExecutorService.java:75)
	at java.base/java.util.concurrent.AbstractExecutorService.submit(AbstractExecutorService.java:145)
	at org.apache.catalina.core.ContainerBase.startInternal(ContainerBase.java:749)
	at org.apache.catalina.core.StandardEngine.startInternal(StandardEngine.java:203)
	at org.apache.catalina.util.LifecycleBase.start(LifecycleBase.java:164)
	at org.apache.catalina.core.StandardService.startInternal(StandardService.java:412)
	at org.apache.catalina.util.LifecycleBase.start(LifecycleBase.java:164)
	at org.apache.catalina.core.StandardServer.startInternal(StandardServer.java:870)
	at org.apache.catalina.util.LifecycleBase.start(LifecycleBase.java:164)
	at org.apache.catalina.startup.Tomcat.start(Tomcat.java:438)
	at org.springframework.boot.web.embedded.tomcat.TomcatWebServer.initialize(TomcatWebServer.java:128)
	at org.springframework.boot.web.embedded.tomcat.TomcatWebServer.<init>(TomcatWebServer.java:107)
	at org.springframework.boot.web.embedded.tomcat.TomcatServletWebServerFactory.getTomcatWebServer(TomcatServletWebServerFactory.java:517)
	at org.springframework.boot.web.embedded.tomcat.TomcatServletWebServerFactory.getWebServer(TomcatServletWebServerFactory.java:219)
	at org.springframework.boot.web.servlet.context.ServletWebServerApplicationContext.createWebServer(ServletWebServerApplicationContext.java:193)
	at org.springframework.boot.web.servlet.context.ServletWebServerApplicationContext.onRefresh(ServletWebServerApplicationContext.java:167)
	at org.springframework.context.support.AbstractApplicationContext.refresh(AbstractApplicationContext.java:621)
	at org.springframework.boot.web.servlet.context.ServletWebServerApplicationContext.refresh(ServletWebServerApplicationContext.java:146)
	at org.springframework.boot.SpringApplication.refresh(SpringApplication.java:752)
	at org.springframework.boot.SpringApplication.refreshContext(SpringApplication.java:439)
	at org.springframework.boot.SpringApplication.run(SpringApplication.java:318)
	at org.springframework.boot.SpringApplication.run(SpringApplication.java:1361)
	at org.springframework.boot.SpringApplication.run(SpringApplication.java:1350)
	at txu.common.grpc.GrpcServer.start(GrpcServer.java:12)
	at txu.admin.mainapp.MainAppApplication.main(MainAppApplication.java:14)
Caused by: java.sql.SQLException: ORA-12541: Cannot connect. No listener at host 192.168.98.146 port 1521. (CONNECTION_ID=J5vtCi7fQa6fK5PNDwfxbA==)
https://docs.oracle.com/error-help/db/ora-12541/
	at oracle.jdbc.driver.T4CConnection.handleLogonNetException(T4CConnection.java:1853)
	at oracle.jdbc.driver.T4CConnection.logon(T4CConnection.java:1204)
	at oracle.jdbc.driver.PhysicalConnection.connect(PhysicalConnection.java:1189)
	at oracle.jdbc.driver.T4CDriverExtension.getConnection(T4CDriverExtension.java:106)
	at oracle.jdbc.driver.OracleDriver.connect(OracleDriver.java:887)
	at oracle.jdbc.driver.OracleDriver.connect(OracleDriver.java:694)
	at com.zaxxer.hikari.util.DriverDataSource.getConnection(DriverDataSource.java:139)
	at com.zaxxer.hikari.pool.PoolBase.newConnection(PoolBase.java:368)
	at com.zaxxer.hikari.pool.PoolBase.newPoolEntry(PoolBase.java:205)
	at com.zaxxer.hikari.pool.HikariPool.createPoolEntry(HikariPool.java:483)
	at com.zaxxer.hikari.pool.HikariPool.checkFailFast(HikariPool.java:571)
	at com.zaxxer.hikari.pool.HikariPool.<init>(HikariPool.java:101)
	at com.zaxxer.hikari.HikariDataSource.getConnection(HikariDataSource.java:111)
	at org.hibernate.engine.jdbc.connections.internal.DatasourceConnectionProviderImpl.getConnection(DatasourceConnectionProviderImpl.java:126)
	at org.hibernate.engine.jdbc.env.internal.JdbcEnvironmentInitiator$ConnectionProviderJdbcConnectionAccess.obtainConnection(JdbcEnvironmentInitiator.java:483)
	at org.hibernate.resource.transaction.backend.jdbc.internal.JdbcIsolationDelegate.delegateWork(JdbcIsolationDelegate.java:61)
	... 115 common frames omitted
Caused by: oracle.net.ns.NetException: ORA-12541: Cannot connect. No listener at host 192.168.98.146 port 1521. (CONNECTION_ID=J5vtCi7fQa6fK5PNDwfxbA==)
https://docs.oracle.com/error-help/db/ora-12541/
	at oracle.net.nt.TcpNTAdapter.handleEstablishSocketException(TcpNTAdapter.java:418)
	at oracle.net.nt.TcpNTAdapter.establishSocket(TcpNTAdapter.java:350)
	at oracle.net.nt.TcpNTAdapter.connect(TcpNTAdapter.java:228)
	at oracle.net.nt.ConnOption.connect(ConnOption.java:346)
	at oracle.net.nt.ConnStrategy.executeConnOption(ConnStrategy.java:1252)
	at oracle.net.nt.ConnStrategy.execute(ConnStrategy.java:778)
	at oracle.net.resolver.AddrResolution.resolveAndExecute(AddrResolution.java:718)
	at oracle.net.ns.NSProtocol.establishConnection(NSProtocol.java:960)
	at oracle.net.ns.NSProtocol.connect(NSProtocol.java:329)
	at oracle.jdbc.driver.T4CConnection.connectNetworkSessionProtocol(T4CConnection.java:3684)
	at oracle.jdbc.driver.T4CConnection.logon(T4CConnection.java:1083)
	... 129 common frames omitted
Caused by: java.net.ConnectException: Connection timed out: no further information
	at java.base/sun.nio.ch.Net.pollConnect(Native Method)
	at java.base/sun.nio.ch.Net.pollConnectNow(Net.java:672)
	at java.base/sun.nio.ch.SocketChannelImpl.finishTimedConnect(SocketChannelImpl.java:1148)
	at java.base/sun.nio.ch.SocketChannelImpl.blockingConnect(SocketChannelImpl.java:1183)
	at java.base/sun.nio.ch.SocketAdaptor.connect(SocketAdaptor.java:98)
	at oracle.net.nt.TimeoutSocketChannel.doConnect(TimeoutSocketChannel.java:291)
	at oracle.net.nt.TimeoutSocketChannel.initializeSocketChannel(TimeoutSocketChannel.java:271)
	at oracle.net.nt.TimeoutSocketChannel.connect(TimeoutSocketChannel.java:238)
	at oracle.net.nt.TimeoutSocketChannel.<init>(TimeoutSocketChannel.java:205)
	at oracle.net.nt.TcpNTAdapter.establishSocket(TcpNTAdapter.java:339)
	... 138 common frames omitted
2025-08-07 10:20:58.526 WARN  [main] org.hibernate.orm.deprecation - HHH90000025: OracleDialect does not need to be specified explicitly using 'hibernate.dialect' (remove the property setting and it will be selected by default)
2025-08-07 10:21:01.421 WARN  [main] o.s.b.a.o.j.JpaBaseConfiguration$JpaWebConfiguration - spring.jpa.open-in-view is enabled by default. Therefore, database queries may be performed during view rendering. Explicitly configure spring.jpa.open-in-view to disable this warning
2025-08-07 10:57:56.136 WARN  [http-nio-8080-exec-4] t.a.m.security.JwtRequestFilter - JWT Token does not begin with Bearer String
2025-08-07 10:57:56.136 WARN  [http-nio-8080-exec-6] t.a.m.security.JwtRequestFilter - JWT Token does not begin with Bearer String
2025-08-07 10:57:56.136 WARN  [http-nio-8080-exec-10] t.a.m.security.JwtRequestFilter - JWT Token does not begin with Bearer String
2025-08-07 10:57:56.136 WARN  [http-nio-8080-exec-1] t.a.m.security.JwtRequestFilter - JWT Token does not begin with Bearer String
2025-08-07 10:57:56.136 WARN  [http-nio-8080-exec-7] t.a.m.security.JwtRequestFilter - JWT Token does not begin with Bearer String
2025-08-07 10:57:56.136 WARN  [http-nio-8080-exec-5] t.a.m.security.JwtRequestFilter - JWT Token does not begin with Bearer String
2025-08-07 11:00:04.039 WARN  [http-nio-8080-exec-1] t.a.m.security.JwtRequestFilter - JWT Token does not begin with Bearer String
2025-08-07 11:00:04.041 WARN  [http-nio-8080-exec-10] t.a.m.security.JwtRequestFilter - JWT Token does not begin with Bearer String
2025-08-07 11:00:04.122 WARN  [http-nio-8080-exec-7] t.a.m.security.JwtRequestFilter - JWT Token does not begin with Bearer String
2025-08-07 11:00:10.728 WARN  [http-nio-8080-exec-9] t.a.m.security.JwtRequestFilter - JWT Token does not begin with Bearer String
2025-08-07 11:00:28.163 WARN  [http-nio-8080-exec-3] t.a.m.security.JwtRequestFilter - JWT Token does not begin with Bearer String
2025-08-07 11:13:08.026 WARN  [main] org.hibernate.orm.deprecation - HHH90000025: OracleDialect does not need to be specified explicitly using 'hibernate.dialect' (remove the property setting and it will be selected by default)
2025-08-07 11:13:09.330 WARN  [main] o.s.b.a.o.j.JpaBaseConfiguration$JpaWebConfiguration - spring.jpa.open-in-view is enabled by default. Therefore, database queries may be performed during view rendering. Explicitly configure spring.jpa.open-in-view to disable this warning
2025-08-07 11:55:38.841 WARN  [http-nio-8080-exec-7] t.a.m.security.JwtRequestFilter - JWT Token does not begin with Bearer String
2025-08-07 11:55:40.087 WARN  [http-nio-8080-exec-4] t.a.m.security.JwtRequestFilter - JWT Token does not begin with Bearer String
2025-08-07 12:09:37.259 WARN  [http-nio-8080-exec-9] t.a.m.security.JwtRequestFilter - JWT Token does not begin with Bearer String
2025-08-07 12:09:37.259 WARN  [http-nio-8080-exec-6] t.a.m.security.JwtRequestFilter - JWT Token does not begin with Bearer String
2025-08-07 12:09:37.259 WARN  [http-nio-8080-exec-3] t.a.m.security.JwtRequestFilter - JWT Token does not begin with Bearer String
2025-08-07 12:13:03.382 WARN  [http-nio-8080-exec-5] t.a.m.security.JwtRequestFilter - JWT Token does not begin with Bearer String
2025-08-07 12:13:03.385 WARN  [http-nio-8080-exec-1] t.a.m.security.JwtRequestFilter - JWT Token does not begin with Bearer String
2025-08-07 12:13:03.442 WARN  [http-nio-8080-exec-8] t.a.m.security.JwtRequestFilter - JWT Token does not begin with Bearer String
2025-08-07 12:13:08.792 WARN  [http-nio-8080-exec-4] t.a.m.security.JwtRequestFilter - JWT Token does not begin with Bearer String
2025-08-07 12:13:22.144 WARN  [http-nio-8080-exec-2] t.a.m.security.JwtRequestFilter - JWT Token does not begin with Bearer String
2025-08-07 14:47:13.609 WARN  [HikariPool-1:housekeeper] com.zaxxer.hikari.pool.PoolBase - HikariPool-1 - Failed to validate connection oracle.jdbc.driver.T4CConnection@6707d9c4 (ORA-17008: Closed connection
https://docs.oracle.com/error-help/db/ora-17008/). Possibly consider using a shorter maxLifetime value.
2025-08-07 14:47:13.610 WARN  [HikariPool-1:housekeeper] com.zaxxer.hikari.pool.HikariPool - HikariPool-1 - Thread starvation or clock leap detected (housekeeper delta=2h22m47s617ms786µs600ns).
2025-08-07 14:47:13.610 WARN  [HikariPool-1:housekeeper] com.zaxxer.hikari.pool.PoolBase - HikariPool-1 - Failed to validate connection oracle.jdbc.driver.T4CConnection@4ad9e6af (ORA-17008: Closed connection
https://docs.oracle.com/error-help/db/ora-17008/). Possibly consider using a shorter maxLifetime value.
2025-08-07 14:47:13.611 WARN  [HikariPool-1:housekeeper] com.zaxxer.hikari.pool.PoolBase - HikariPool-1 - Failed to validate connection oracle.jdbc.driver.T4CConnection@565ee6a2 (ORA-17008: Closed connection
https://docs.oracle.com/error-help/db/ora-17008/). Possibly consider using a shorter maxLifetime value.
2025-08-07 14:47:13.612 WARN  [HikariPool-1:housekeeper] com.zaxxer.hikari.pool.PoolBase - HikariPool-1 - Failed to validate connection oracle.jdbc.driver.T4CConnection@275e142d (ORA-17008: Closed connection
https://docs.oracle.com/error-help/db/ora-17008/). Possibly consider using a shorter maxLifetime value.
2025-08-07 14:47:13.612 WARN  [HikariPool-1:housekeeper] com.zaxxer.hikari.pool.PoolBase - HikariPool-1 - Failed to validate connection oracle.jdbc.driver.T4CConnection@6174b574 (ORA-17008: Closed connection
https://docs.oracle.com/error-help/db/ora-17008/). Possibly consider using a shorter maxLifetime value.
2025-08-07 15:00:14.080 WARN  [http-nio-8080-exec-2] t.a.m.security.JwtRequestFilter - JWT Token does not begin with Bearer String
2025-08-07 15:00:52.737 WARN  [http-nio-8080-exec-6] t.a.m.security.JwtRequestFilter - JWT Token does not begin with Bearer String
2025-08-07 16:32:28.987 WARN  [http-nio-8080-exec-3] t.a.m.security.JwtRequestFilter - JWT Token does not begin with Bearer String
2025-08-07 16:32:28.987 WARN  [http-nio-8080-exec-5] t.a.m.security.JwtRequestFilter - JWT Token does not begin with Bearer String
2025-08-07 16:32:28.987 WARN  [http-nio-8080-exec-6] t.a.m.security.JwtRequestFilter - JWT Token does not begin with Bearer String
2025-08-07 16:32:28.987 WARN  [http-nio-8080-exec-2] t.a.m.security.JwtRequestFilter - JWT Token does not begin with Bearer String
2025-08-07 16:32:28.990 WARN  [http-nio-8080-exec-8] t.a.m.security.JwtRequestFilter - JWT Token does not begin with Bearer String
2025-08-07 16:32:28.990 WARN  [http-nio-8080-exec-7] t.a.m.security.JwtRequestFilter - JWT Token does not begin with Bearer String
2025-08-07 16:32:28.992 WARN  [http-nio-8080-exec-1] t.a.m.security.JwtRequestFilter - JWT Token does not begin with Bearer String
2025-08-07 16:32:28.992 WARN  [http-nio-8080-exec-10] t.a.m.security.JwtRequestFilter - JWT Token does not begin with Bearer String
2025-08-07 17:37:40.622 WARN  [http-nio-8080-exec-6] t.a.m.security.JwtRequestFilter - JWT Token does not begin with Bearer String
2025-08-07 17:37:40.622 WARN  [http-nio-8080-exec-7] t.a.m.security.JwtRequestFilter - JWT Token does not begin with Bearer String
2025-08-07 17:37:40.622 WARN  [http-nio-8080-exec-1] t.a.m.security.JwtRequestFilter - JWT Token does not begin with Bearer String
2025-08-07 17:37:40.622 WARN  [http-nio-8080-exec-2] t.a.m.security.JwtRequestFilter - JWT Token does not begin with Bearer String
2025-08-07 18:00:47.382 WARN  [http-nio-8080-exec-5] t.a.m.security.JwtRequestFilter - JWT Token does not begin with Bearer String
2025-08-07 18:00:47.385 WARN  [http-nio-8080-exec-6] t.a.m.security.JwtRequestFilter - JWT Token does not begin with Bearer String
2025-08-07 18:00:47.423 WARN  [http-nio-8080-exec-3] t.a.m.security.JwtRequestFilter - JWT Token does not begin with Bearer String
2025-08-07 18:37:43.309 WARN  [http-nio-8080-exec-7] t.a.m.security.JwtRequestFilter - JWT Token does not begin with Bearer String
2025-08-07 18:37:43.310 WARN  [http-nio-8080-exec-2] t.a.m.security.JwtRequestFilter - JWT Token does not begin with Bearer String
2025-08-07 20:11:32.630 WARN  [http-nio-8080-exec-4] t.a.m.security.JwtRequestFilter - JWT Token does not begin with Bearer String
2025-08-07 20:11:32.630 WARN  [http-nio-8080-exec-10] t.a.m.security.JwtRequestFilter - JWT Token does not begin with Bearer String
2025-08-07 20:23:58.076 WARN  [main] org.hibernate.orm.deprecation - HHH90000025: OracleDialect does not need to be specified explicitly using 'hibernate.dialect' (remove the property setting and it will be selected by default)
2025-08-07 20:23:59.755 WARN  [main] o.s.b.a.o.j.JpaBaseConfiguration$JpaWebConfiguration - spring.jpa.open-in-view is enabled by default. Therefore, database queries may be performed during view rendering. Explicitly configure spring.jpa.open-in-view to disable this warning
2025-08-07 20:31:14.520 WARN  [HikariPool-1:housekeeper] com.zaxxer.hikari.pool.HikariPool - HikariPool-1 - Thread starvation or clock leap detected (housekeeper delta=6m16s505ms852µs300ns).
2025-08-07 20:33:16.964 WARN  [HikariPool-1:housekeeper] com.zaxxer.hikari.pool.HikariPool - HikariPool-1 - Thread starvation or clock leap detected (housekeeper delta=51s948ms66µs900ns).
2025-08-07 20:34:14.873 WARN  [HikariPool-1:housekeeper] com.zaxxer.hikari.pool.HikariPool - HikariPool-1 - Thread starvation or clock leap detected (housekeeper delta=57s908ms200µs).
2025-08-07 20:35:31.103 WARN  [HikariPool-1:housekeeper] com.zaxxer.hikari.pool.HikariPool - HikariPool-1 - Thread starvation or clock leap detected (housekeeper delta=46s142ms428µs).
2025-08-07 20:39:06.973 WARN  [HikariPool-1:housekeeper] com.zaxxer.hikari.pool.HikariPool - HikariPool-1 - Thread starvation or clock leap detected (housekeeper delta=2m35s321ms501µs400ns).
2025-08-07 20:40:07.546 WARN  [HikariPool-1:housekeeper] com.zaxxer.hikari.pool.HikariPool - HikariPool-1 - Thread starvation or clock leap detected (housekeeper delta=1m572ms501µs200ns).
2025-08-07 21:03:21.021 WARN  [HikariPool-1:housekeeper] com.zaxxer.hikari.pool.HikariPool - HikariPool-1 - Thread starvation or clock leap detected (housekeeper delta=23m13s473ms508µs500ns).
2025-08-07 21:04:42.878 WARN  [HikariPool-1:housekeeper] com.zaxxer.hikari.pool.HikariPool - HikariPool-1 - Thread starvation or clock leap detected (housekeeper delta=1m21s856ms410µs100ns).
2025-08-07 21:15:35.829 WARN  [HikariPool-1:housekeeper] com.zaxxer.hikari.pool.HikariPool - HikariPool-1 - Thread starvation or clock leap detected (housekeeper delta=10m18s362ms514µs500ns).
2025-08-07 21:15:43.427 WARN  [http-nio-8080-exec-4] t.a.m.security.JwtRequestFilter - JWT Token does not begin with Bearer String
2025-08-07 21:16:40.885 WARN  [http-nio-8080-exec-9] t.a.m.security.JwtRequestFilter - JWT Token does not begin with Bearer String
2025-08-07 21:16:40.885 WARN  [http-nio-8080-exec-8] t.a.m.security.JwtRequestFilter - JWT Token does not begin with Bearer String
2025-08-07 21:22:46.834 WARN  [HikariPool-1:housekeeper] com.zaxxer.hikari.pool.HikariPool - HikariPool-1 - Thread starvation or clock leap detected (housekeeper delta=4m38s490ms685µs500ns).
2025-08-07 21:38:30.913 WARN  [HikariPool-1:housekeeper] com.zaxxer.hikari.pool.HikariPool - HikariPool-1 - Thread starvation or clock leap detected (housekeeper delta=15m14s72ms821µs).
2025-08-07 22:15:30.879 WARN  [HikariPool-1:housekeeper] com.zaxxer.hikari.pool.HikariPool - HikariPool-1 - Thread starvation or clock leap detected (housekeeper delta=47s845ms8µs500ns).
2025-08-07 22:16:04.644 WARN  [http-nio-8080-exec-4] t.a.m.security.JwtRequestFilter - JWT Token does not begin with Bearer String
2025-08-07 22:16:51.690 WARN  [http-nio-8080-exec-1] t.a.m.security.JwtRequestFilter - JWT Token does not begin with Bearer String
2025-08-07 22:17:35.676 WARN  [main] org.hibernate.orm.deprecation - HHH90000025: OracleDialect does not need to be specified explicitly using 'hibernate.dialect' (remove the property setting and it will be selected by default)
2025-08-07 22:17:36.936 WARN  [main] o.s.b.a.o.j.JpaBaseConfiguration$JpaWebConfiguration - spring.jpa.open-in-view is enabled by default. Therefore, database queries may be performed during view rendering. Explicitly configure spring.jpa.open-in-view to disable this warning
2025-08-07 22:31:15.862 WARN  [main] org.hibernate.orm.deprecation - HHH90000025: OracleDialect does not need to be specified explicitly using 'hibernate.dialect' (remove the property setting and it will be selected by default)
2025-08-07 22:31:17.195 WARN  [main] o.s.b.a.o.j.JpaBaseConfiguration$JpaWebConfiguration - spring.jpa.open-in-view is enabled by default. Therefore, database queries may be performed during view rendering. Explicitly configure spring.jpa.open-in-view to disable this warning
2025-08-07 22:35:55.744 WARN  [HikariPool-1:housekeeper] com.zaxxer.hikari.pool.HikariPool - HikariPool-1 - Thread starvation or clock leap detected (housekeeper delta=56s298ms972µs700ns).
2025-08-07 22:37:06.468 WARN  [main] org.hibernate.orm.deprecation - HHH90000025: OracleDialect does not need to be specified explicitly using 'hibernate.dialect' (remove the property setting and it will be selected by default)
2025-08-07 22:37:07.700 WARN  [main] o.s.b.a.o.j.JpaBaseConfiguration$JpaWebConfiguration - spring.jpa.open-in-view is enabled by default. Therefore, database queries may be performed during view rendering. Explicitly configure spring.jpa.open-in-view to disable this warning
2025-08-07 22:58:52.962 WARN  [http-nio-8080-exec-9] t.a.m.security.JwtRequestFilter - JWT Token does not begin with Bearer String
2025-08-07 22:58:52.963 WARN  [http-nio-8080-exec-3] t.a.m.security.JwtRequestFilter - JWT Token does not begin with Bearer String
2025-08-07 22:58:52.999 WARN  [http-nio-8080-exec-7] t.a.m.security.JwtRequestFilter - JWT Token does not begin with Bearer String
2025-08-07 22:58:52.999 WARN  [http-nio-8080-exec-10] t.a.m.security.JwtRequestFilter - JWT Token does not begin with Bearer String
2025-08-07 22:59:25.244 WARN  [http-nio-8080-exec-5] t.a.m.security.JwtRequestFilter - JWT Token does not begin with Bearer String
2025-08-07 23:16:25.217 WARN  [http-nio-8080-exec-8] t.a.m.security.JwtRequestFilter - JWT Token does not begin with Bearer String
2025-08-07 23:16:25.218 WARN  [http-nio-8080-exec-7] t.a.m.security.JwtRequestFilter - JWT Token does not begin with Bearer String
2025-08-07 23:17:01.303 WARN  [main] org.hibernate.orm.deprecation - HHH90000025: OracleDialect does not need to be specified explicitly using 'hibernate.dialect' (remove the property setting and it will be selected by default)
2025-08-07 23:17:02.560 WARN  [main] o.s.b.a.o.j.JpaBaseConfiguration$JpaWebConfiguration - spring.jpa.open-in-view is enabled by default. Therefore, database queries may be performed during view rendering. Explicitly configure spring.jpa.open-in-view to disable this warning
2025-08-07 23:17:11.115 WARN  [http-nio-8080-exec-2] t.a.m.security.JwtRequestFilter - JWT Token does not begin with Bearer String
2025-08-07 23:17:11.116 WARN  [http-nio-8080-exec-5] t.a.m.security.JwtRequestFilter - JWT Token does not begin with Bearer String
2025-08-07 23:17:11.116 WARN  [http-nio-8080-exec-6] t.a.m.security.JwtRequestFilter - JWT Token does not begin with Bearer String
2025-08-07 23:17:11.136 WARN  [http-nio-8080-exec-10] t.a.m.security.JwtRequestFilter - JWT Token does not begin with Bearer String
2025-08-07 23:17:24.295 WARN  [http-nio-8080-exec-9] t.a.m.security.JwtRequestFilter - JWT Token does not begin with Bearer String
2025-08-07 23:17:25.416 WARN  [http-nio-8080-exec-1] t.a.m.security.JwtRequestFilter - JWT Token does not begin with Bearer String
2025-08-07 23:18:00.293 WARN  [http-nio-8080-exec-1] t.a.m.security.JwtRequestFilter - JWT Token does not begin with Bearer String
2025-08-07 23:23:19.952 WARN  [main] org.hibernate.orm.deprecation - HHH90000025: OracleDialect does not need to be specified explicitly using 'hibernate.dialect' (remove the property setting and it will be selected by default)
2025-08-07 23:23:21.226 WARN  [main] o.s.b.a.o.j.JpaBaseConfiguration$JpaWebConfiguration - spring.jpa.open-in-view is enabled by default. Therefore, database queries may be performed during view rendering. Explicitly configure spring.jpa.open-in-view to disable this warning
2025-08-07 23:23:29.534 WARN  [main] org.hibernate.orm.deprecation - HHH90000025: OracleDialect does not need to be specified explicitly using 'hibernate.dialect' (remove the property setting and it will be selected by default)
2025-08-07 23:23:30.966 WARN  [main] o.s.b.a.o.j.JpaBaseConfiguration$JpaWebConfiguration - spring.jpa.open-in-view is enabled by default. Therefore, database queries may be performed during view rendering. Explicitly configure spring.jpa.open-in-view to disable this warning
2025-08-07 23:42:22.597 WARN  [HikariPool-1:housekeeper] com.zaxxer.hikari.pool.HikariPool - HikariPool-1 - Thread starvation or clock leap detected (housekeeper delta=9m50s534ms738µs).
2025-08-07 23:42:29.192 WARN  [main] org.hibernate.orm.deprecation - HHH90000025: OracleDialect does not need to be specified explicitly using 'hibernate.dialect' (remove the property setting and it will be selected by default)
2025-08-07 23:42:30.481 WARN  [main] o.s.b.a.o.j.JpaBaseConfiguration$JpaWebConfiguration - spring.jpa.open-in-view is enabled by default. Therefore, database queries may be performed during view rendering. Explicitly configure spring.jpa.open-in-view to disable this warning
2025-08-07 23:46:32.633 WARN  [main] org.hibernate.orm.deprecation - HHH90000025: OracleDialect does not need to be specified explicitly using 'hibernate.dialect' (remove the property setting and it will be selected by default)
2025-08-07 23:46:33.930 WARN  [main] o.s.b.a.o.j.JpaBaseConfiguration$JpaWebConfiguration - spring.jpa.open-in-view is enabled by default. Therefore, database queries may be performed during view rendering. Explicitly configure spring.jpa.open-in-view to disable this warning
